01/08/2025 12:25:09 - === INICIANDO HOMEMANAGER ===
01/08/2025 12:25:09 - Verificando se porta 5000 está disponível...
01/08/2025 12:25:09 - Porta 5000 disponível - iniciando servidor
01/08/2025 12:25:09 - Executando: C:\Users\PC\OneDrive\Documentos\ElevadoresWebApp\.venv\Scripts\pythonw.exe app.py
01/08/2025 12:25:10 - Comando executado com sucesso
01/08/2025 12:25:10 - Aguardando servidor inicializar...
01/08/2025 12:25:13 - Testando se servidor está respondendo...
01/08/2025 12:25:15 - Servidor OK - Status: 200
01/08/2025 12:25:15 - Navegador aberto com sucesso
01/08/2025 12:25:15 - === FINALIZANDO LAUNCHER ===
01/08/2025 12:25:23 - === INICIANDO HOMEMANAGER ===
01/08/2025 12:25:23 - Verificando se porta 5000 está disponível...
01/08/2025 12:25:23 - Porta 5000 disponível - iniciando servidor
01/08/2025 12:25:23 - Executando: C:\Users\PC\OneDrive\Documentos\ElevadoresWebApp\.venv\Scripts\pythonw.exe app.py
01/08/2025 12:25:23 - Comando executado com sucesso
01/08/2025 12:25:24 - Aguardando servidor inicializar...
01/08/2025 12:25:27 - Testando se servidor está respondendo...
01/08/2025 12:25:29 - Servidor OK - Status: 200
01/08/2025 12:25:29 - Navegador aberto com sucesso
01/08/2025 12:25:29 - === FINALIZANDO LAUNCHER ===
01/08/2025 12:25:38 - === INICIANDO HOMEMANAGER ===
01/08/2025 12:25:38 - Verificando se porta 5000 está disponível...
01/08/2025 12:25:38 - Porta 5000 disponível - iniciando servidor
01/08/2025 12:25:39 - Executando: C:\Users\PC\OneDrive\Documentos\ElevadoresWebApp\.venv\Scripts\pythonw.exe app.py
01/08/2025 12:25:39 - Comando executado com sucesso
01/08/2025 12:25:39 - Aguardando servidor inicializar...
01/08/2025 12:25:42 - Testando se servidor está respondendo...
01/08/2025 12:25:44 - Servidor OK - Status: 200
01/08/2025 12:25:44 - Navegador aberto com sucesso
01/08/2025 12:25:44 - === FINALIZANDO LAUNCHER ===
01/08/2025 12:40:37 - === INICIANDO HOMEMANAGER ===
01/08/2025 12:40:37 - Verificando se porta 5000 está disponível...
01/08/2025 12:40:38 - Porta 5000 disponível - iniciando servidor
01/08/2025 12:40:38 - Executando: C:\Users\PC\OneDrive\Documentos\ElevadoresWebApp\.venv\Scripts\pythonw.exe app.py
01/08/2025 12:40:38 - Comando executado com sucesso
01/08/2025 12:40:38 - Aguardando servidor inicializar...
01/08/2025 12:40:41 - Testando se servidor está respondendo...
01/08/2025 12:40:44 - Servidor OK - Status: 200
01/08/2025 12:40:45 - Navegador aberto com sucesso
01/08/2025 12:40:45 - === FINALIZANDO LAUNCHER ===
01/08/2025 13:49:52 - === INICIANDO HOMEMANAGER ===
01/08/2025 13:49:52 - Verificando se porta 5000 está disponível...
01/08/2025 13:49:52 - Porta 5000 disponível - iniciando servidor
01/08/2025 13:49:52 - Executando: C:\Users\PC\OneDrive\Documentos\ElevadoresWebApp\.venv\Scripts\pythonw.exe app.py
01/08/2025 13:49:52 - Comando executado com sucesso
01/08/2025 13:49:52 - Aguardando servidor inicializar...
01/08/2025 13:49:55 - Testando se servidor está respondendo...
01/08/2025 13:49:58 - Servidor OK - Status: 200
01/08/2025 13:49:58 - Navegador aberto com sucesso
01/08/2025 13:49:58 - === FINALIZANDO LAUNCHER ===
01/08/2025 13:51:17 - === INICIANDO HOMEMANAGER ===
01/08/2025 13:51:17 - Verificando se porta 5000 está disponível...
01/08/2025 13:51:17 - Porta 5000 disponível - iniciando servidor
01/08/2025 13:51:17 - Executando: C:\Users\PC\OneDrive\Documentos\ElevadoresWebApp\.venv\Scripts\pythonw.exe app.py
01/08/2025 13:51:17 - Comando executado com sucesso
01/08/2025 13:51:17 - Aguardando servidor inicializar...
01/08/2025 13:51:20 - Testando se servidor está respondendo...
01/08/2025 13:51:22 - Servidor OK - Status: 200
01/08/2025 13:51:22 - Navegador aberto com sucesso
01/08/2025 13:51:22 - === FINALIZANDO LAUNCHER ===
01/08/2025 13:53:11 - === INICIANDO HOMEMANAGER ===
01/08/2025 13:53:11 - Verificando se porta 5000 está disponível...
01/08/2025 13:53:11 - Porta 5000 disponível - iniciando servidor
01/08/2025 13:53:11 - Executando: C:\Users\PC\OneDrive\Documentos\ElevadoresWebApp\.venv\Scripts\pythonw.exe app.py --no-browser
01/08/2025 13:53:11 - Comando executado com sucesso
01/08/2025 13:53:11 - Aguardando servidor inicializar...
01/08/2025 13:53:14 - Testando se servidor está respondendo...
01/08/2025 13:53:17 - Servidor OK - Status: 200
01/08/2025 13:53:17 - Navegador aberto com sucesso
01/08/2025 13:53:17 - === FINALIZANDO LAUNCHER ===
01/08/2025 13:53:59 - === INICIANDO HOMEMANAGER ===
01/08/2025 13:53:59 - Verificando se porta 5000 está disponível...
01/08/2025 13:54:00 - Porta 5000 disponível - iniciando servidor
01/08/2025 13:54:00 - Executando: C:\Users\PC\OneDrive\Documentos\ElevadoresWebApp\.venv\Scripts\pythonw.exe app.py --no-browser
01/08/2025 13:54:00 - Comando executado com sucesso
01/08/2025 13:54:00 - Aguardando servidor inicializar...
01/08/2025 13:54:03 - Testando se servidor está respondendo...
01/08/2025 13:54:05 - Servidor OK - Status: 200
01/08/2025 13:54:05 - Navegador aberto com sucesso
01/08/2025 13:54:05 - === FINALIZANDO LAUNCHER ===
01/08/2025 13:54:37 - === INICIANDO HOMEMANAGER ===
01/08/2025 13:54:37 - Verificando se porta 5000 está disponível...
01/08/2025 13:54:37 - Porta 5000 disponível - iniciando servidor
01/08/2025 13:54:37 - Executando: C:\Users\PC\OneDrive\Documentos\ElevadoresWebApp\.venv\Scripts\pythonw.exe app.py --no-browser
01/08/2025 13:54:37 - Comando executado com sucesso
01/08/2025 13:54:37 - Aguardando servidor inicializar...
01/08/2025 13:54:40 - Testando se servidor está respondendo...
01/08/2025 13:54:42 - Servidor OK - Status: 200
01/08/2025 13:54:43 - Navegador aberto com sucesso
01/08/2025 13:54:43 - === FINALIZANDO LAUNCHER ===
01/08/2025 13:55:32 - === INICIANDO HOMEMANAGER ===
01/08/2025 13:55:32 - Verificando se porta 5000 está disponível...
01/08/2025 13:55:32 - Porta 5000 disponível - iniciando servidor
01/08/2025 13:55:32 - Executando: C:\Users\PC\OneDrive\Documentos\ElevadoresWebApp\.venv\Scripts\pythonw.exe app.py --no-browser
01/08/2025 13:55:33 - Comando executado com sucesso
01/08/2025 13:55:33 - Aguardando servidor inicializar...
01/08/2025 13:55:36 - Testando se servidor está respondendo...
01/08/2025 13:55:38 - Servidor OK - Status: 200
01/08/2025 13:55:38 - Navegador aberto com sucesso
01/08/2025 13:55:38 - === FINALIZANDO LAUNCHER ===
01/08/2025 13:56:20 - === INICIANDO HOMEMANAGER ===
01/08/2025 13:56:20 - Verificando se porta 5000 está disponível...
01/08/2025 13:56:20 - Porta 5000 disponível - iniciando servidor
01/08/2025 13:56:20 - Executando: C:\Users\PC\OneDrive\Documentos\ElevadoresWebApp\.venv\Scripts\pythonw.exe app.py --no-browser
01/08/2025 13:56:20 - Comando executado com sucesso
01/08/2025 13:56:20 - Aguardando servidor inicializar...
01/08/2025 13:56:23 - Testando se servidor está respondendo...
01/08/2025 13:56:26 - Servidor OK - Status: 200
01/08/2025 13:56:26 - Navegador aberto com sucesso
01/08/2025 13:56:26 - === FINALIZANDO LAUNCHER ===
01/08/2025 13:58:10 - === INICIANDO HOMEMANAGER ===
01/08/2025 13:58:10 - Verificando se porta 5000 está disponível...
01/08/2025 13:58:10 - Porta 5000 disponível - iniciando servidor
01/08/2025 13:58:10 - Executando: C:\Users\PC\OneDrive\Documentos\ElevadoresWebApp\.venv\Scripts\pythonw.exe app.py --no-browser
01/08/2025 13:58:10 - Comando executado com sucesso
01/08/2025 13:58:11 - Aguardando servidor inicializar...
01/08/2025 13:58:13 - === INICIANDO HOMEMANAGER ===
01/08/2025 13:58:13 - Verificando se porta 5000 está disponível...
01/08/2025 13:58:13 - Porta 5000 disponível - iniciando servidor
01/08/2025 13:58:13 - Executando: C:\Users\PC\OneDrive\Documentos\ElevadoresWebApp\.venv\Scripts\pythonw.exe app.py --no-browser
01/08/2025 13:58:13 - Comando executado com sucesso
01/08/2025 13:58:13 - Aguardando servidor inicializar...
01/08/2025 13:58:14 - Testando se servidor está respondendo...
01/08/2025 13:58:16 - Servidor OK - Status: 200
01/08/2025 13:58:16 - Navegador aberto com sucesso
01/08/2025 13:58:16 - === FINALIZANDO LAUNCHER ===
01/08/2025 13:58:16 - Testando se servidor está respondendo...
01/08/2025 13:58:18 - Servidor OK - Status: 200
01/08/2025 13:58:19 - Navegador aberto com sucesso
01/08/2025 13:58:19 - === FINALIZANDO LAUNCHER ===
01/08/2025 13:59:25 - === INICIANDO HOMEMANAGER ===
01/08/2025 13:59:25 - Verificando se porta 5000 está disponível...
01/08/2025 13:59:25 - Porta 5000 disponível - iniciando servidor
01/08/2025 13:59:25 - Executando: C:\Users\PC\OneDrive\Documentos\ElevadoresWebApp\.venv\Scripts\pythonw.exe app.py --no-browser
01/08/2025 13:59:25 - Comando executado com sucesso
01/08/2025 13:59:25 - Aguardando servidor inicializar...
01/08/2025 13:59:28 - Testando se servidor está respondendo...
01/08/2025 13:59:30 - Servidor OK - Status: 200
01/08/2025 13:59:30 - Navegador aberto com sucesso
01/08/2025 13:59:30 - === FINALIZANDO LAUNCHER ===
01/08/2025 14:02:29 - === INICIANDO HOMEMANAGER ===
01/08/2025 14:02:29 - Verificando se porta 5000 está disponível...
01/08/2025 14:02:29 - Porta 5000 disponível - prosseguindo com inicialização
01/08/2025 14:02:29 - Porta 5000 disponível - iniciando servidor
01/08/2025 14:02:29 - Executando: C:\Users\PC\OneDrive\Documentos\ElevadoresWebApp\.venv\Scripts\pythonw.exe app.py --no-browser
01/08/2025 14:02:30 - Comando executado com sucesso
01/08/2025 14:02:30 - Aguardando servidor inicializar...
01/08/2025 14:02:33 - Testando se servidor está respondendo...
01/08/2025 14:02:35 - Servidor OK - Status: 200
01/08/2025 14:02:35 - Navegador aberto com sucesso
01/08/2025 14:02:35 - === FINALIZANDO LAUNCHER ===
01/08/2025 14:02:35 - Lock global removido
01/08/2025 14:03:01 - === INICIANDO HOMEMANAGER ===
01/08/2025 14:03:01 - Verificando se porta 5000 está disponível...
01/08/2025 14:03:01 - Porta 5000 disponível - prosseguindo com inicialização
01/08/2025 14:03:01 - Porta 5000 disponível - iniciando servidor
01/08/2025 14:03:01 - Executando: C:\Users\PC\OneDrive\Documentos\ElevadoresWebApp\.venv\Scripts\pythonw.exe app.py --no-browser
01/08/2025 14:03:01 - Comando executado com sucesso
01/08/2025 14:03:01 - Aguardando servidor inicializar...
01/08/2025 14:03:04 - Testando se servidor está respondendo...
01/08/2025 14:03:07 - Servidor OK - Status: 200
01/08/2025 14:03:07 - Navegador aberto com sucesso
01/08/2025 14:03:07 - === FINALIZANDO LAUNCHER ===
01/08/2025 14:03:07 - Lock global removido
01/08/2025 14:03:56 - === INICIANDO HOMEMANAGER ===
01/08/2025 14:03:56 - Verificando se porta 5000 está disponível...
01/08/2025 14:03:56 - Porta 5000 disponível - prosseguindo com inicialização
01/08/2025 14:03:56 - Porta 5000 disponível - iniciando servidor
01/08/2025 14:03:56 - Executando: C:\Users\PC\OneDrive\Documentos\ElevadoresWebApp\.venv\Scripts\pythonw.exe app.py --no-browser
01/08/2025 14:03:57 - Comando executado com sucesso
01/08/2025 14:03:57 - Aguardando servidor inicializar...
01/08/2025 14:03:57 - === INICIANDO HOMEMANAGER ===
01/08/2025 14:03:57 - Lock global detectado - aguardando instância em inicialização...
01/08/2025 14:03:58 - === INICIANDO HOMEMANAGER ===
01/08/2025 14:03:58 - Lock global detectado - aguardando instância em inicialização...
01/08/2025 14:03:59 - === INICIANDO HOMEMANAGER ===
01/08/2025 14:03:59 - Lock global detectado - aguardando instância em inicialização...
01/08/2025 14:04:00 - Testando se servidor está respondendo...
01/08/2025 14:04:00 - Lock global detectado - aguardando instância em inicialização...
01/08/2025 14:04:02 - Servidor OK - Status: 200
01/08/2025 14:04:02 - Navegador aberto com sucesso
01/08/2025 14:04:02 - === FINALIZANDO LAUNCHER ===
01/08/2025 14:04:02 - Lock global removido
01/08/2025 14:04:02 - Verificando se porta 5000 está disponível...
01/08/2025 14:04:02 - Porta 5000 disponível - prosseguindo com inicialização
01/08/2025 14:04:03 - Porta 5000 disponível - iniciando servidor
01/08/2025 14:04:03 - Executando: C:\Users\PC\OneDrive\Documentos\ElevadoresWebApp\.venv\Scripts\pythonw.exe app.py --no-browser
01/08/2025 14:04:03 - Comando executado com sucesso
01/08/2025 14:04:03 - Aguardando servidor inicializar...
01/08/2025 14:04:03 - Verificando se porta 5000 está disponível...
01/08/2025 14:04:03 - Porta 5000 disponível - prosseguindo com inicialização
01/08/2025 14:04:03 - Porta 5000 disponível - iniciando servidor
01/08/2025 14:04:03 - Executando: C:\Users\PC\OneDrive\Documentos\ElevadoresWebApp\.venv\Scripts\pythonw.exe app.py --no-browser
01/08/2025 14:04:03 - Comando executado com sucesso
01/08/2025 14:04:03 - Aguardando servidor inicializar...
01/08/2025 14:04:04 - Verificando se porta 5000 está disponível...
01/08/2025 14:04:04 - Porta 5000 disponível - prosseguindo com inicialização
01/08/2025 14:04:04 - Porta 5000 disponível - iniciando servidor
01/08/2025 14:04:04 - Executando: C:\Users\PC\OneDrive\Documentos\ElevadoresWebApp\.venv\Scripts\pythonw.exe app.py --no-browser
01/08/2025 14:04:04 - Comando executado com sucesso
01/08/2025 14:04:04 - Aguardando servidor inicializar...
01/08/2025 14:04:05 - Verificando se porta 5000 está disponível...
01/08/2025 14:04:05 - Porta 5000 disponível - prosseguindo com inicialização
01/08/2025 14:04:05 - Porta 5000 disponível - iniciando servidor
01/08/2025 14:04:05 - Executando: C:\Users\PC\OneDrive\Documentos\ElevadoresWebApp\.venv\Scripts\pythonw.exe app.py --no-browser
01/08/2025 14:04:05 - Comando executado com sucesso
01/08/2025 14:04:05 - Aguardando servidor inicializar...
01/08/2025 14:04:06 - Testando se servidor está respondendo...
01/08/2025 14:04:06 - Testando se servidor está respondendo...
01/08/2025 14:04:07 - Testando se servidor está respondendo...
01/08/2025 14:04:08 - Servidor OK - Status: 200
01/08/2025 14:04:08 - Navegador aberto com sucesso
01/08/2025 14:04:08 - === FINALIZANDO LAUNCHER ===
01/08/2025 14:04:08 - Lock global removido
01/08/2025 14:04:08 - Testando se servidor está respondendo...
01/08/2025 14:04:09 - Servidor OK - Status: 200
01/08/2025 14:04:09 - Navegador aberto com sucesso
01/08/2025 14:04:09 - === FINALIZANDO LAUNCHER ===
01/08/2025 14:04:09 - Servidor OK - Status: 200
01/08/2025 14:04:10 - Navegador aberto com sucesso
01/08/2025 14:04:10 - === FINALIZANDO LAUNCHER ===
01/08/2025 14:04:10 - Servidor OK - Status: 200
01/08/2025 14:04:11 - Navegador aberto com sucesso
01/08/2025 14:04:11 - === FINALIZANDO LAUNCHER ===
01/08/2025 14:05:15 - === INICIANDO HOMEMANAGER ===
01/08/2025 14:05:15 - Lock de inicialização criado
01/08/2025 14:05:15 - Verificando se porta 5000 está disponível...
01/08/2025 14:05:15 - Porta 5000 disponível - prosseguindo com inicialização
01/08/2025 14:05:15 - Porta 5000 disponível - iniciando servidor
01/08/2025 14:05:15 - Executando: C:\Users\PC\OneDrive\Documentos\ElevadoresWebApp\.venv\Scripts\pythonw.exe app.py --no-browser
01/08/2025 14:05:15 - Comando executado com sucesso
01/08/2025 14:05:15 - Aguardando servidor inicializar...
01/08/2025 14:05:16 - === INICIANDO HOMEMANAGER ===
01/08/2025 14:05:16 - Outro HomeManager está iniciando - aguardando... (0s)
01/08/2025 14:05:17 - === INICIANDO HOMEMANAGER ===
01/08/2025 14:05:17 - Outro HomeManager está iniciando - aguardando... (0s)
01/08/2025 14:05:18 - === INICIANDO HOMEMANAGER ===
01/08/2025 14:05:18 - Outro HomeManager está iniciando - aguardando... (0s)
01/08/2025 14:05:18 - Testando se servidor está respondendo...
01/08/2025 14:05:19 - === INICIANDO HOMEMANAGER ===
01/08/2025 14:05:19 - Outro HomeManager está iniciando - aguardando... (0s)
01/08/2025 14:05:19 - Outro HomeManager está iniciando - aguardando... (3s)
01/08/2025 14:05:20 - Outro HomeManager está iniciando - aguardando... (3s)
01/08/2025 14:05:21 - Servidor OK - Status: 200
01/08/2025 14:05:21 - Navegador aberto com sucesso
01/08/2025 14:05:21 - === FINALIZANDO LAUNCHER ===
01/08/2025 14:05:21 - Lock de inicialização removido
01/08/2025 14:05:21 - Lock de inicialização criado
01/08/2025 14:05:21 - Verificando se porta 5000 está disponível...
01/08/2025 14:05:22 - Porta 5000 disponível - prosseguindo com inicialização
01/08/2025 14:05:22 - Porta 5000 disponível - iniciando servidor
01/08/2025 14:05:22 - Executando: C:\Users\PC\OneDrive\Documentos\ElevadoresWebApp\.venv\Scripts\pythonw.exe app.py --no-browser
01/08/2025 14:05:22 - Comando executado com sucesso
01/08/2025 14:05:22 - Aguardando servidor inicializar...
01/08/2025 14:05:22 - Outro HomeManager está iniciando - aguardando... (3s)
01/08/2025 14:05:22 - Outro HomeManager está iniciando - aguardando... (6s)
01/08/2025 14:05:23 - Outro HomeManager está iniciando - aguardando... (6s)
01/08/2025 14:05:25 - Testando se servidor está respondendo...
01/08/2025 14:05:25 - Outro HomeManager está iniciando - aguardando... (6s)
01/08/2025 14:05:26 - Outro HomeManager está iniciando - aguardando... (9s)
01/08/2025 14:05:26 - Outro HomeManager está iniciando - aguardando... (9s)
01/08/2025 14:05:27 - Servidor OK - Status: 200
01/08/2025 14:05:27 - Navegador aberto com sucesso
01/08/2025 14:05:27 - === FINALIZANDO LAUNCHER ===
01/08/2025 14:05:27 - Lock de inicialização removido
01/08/2025 14:05:29 - Lock de inicialização criado
01/08/2025 14:05:29 - Verificando se porta 5000 está disponível...
01/08/2025 14:05:29 - Outro HomeManager está iniciando - aguardando... (12s)
01/08/2025 14:05:29 - Porta 5000 disponível - prosseguindo com inicialização
01/08/2025 14:05:29 - Porta 5000 disponível - iniciando servidor
01/08/2025 14:05:29 - Executando: C:\Users\PC\OneDrive\Documentos\ElevadoresWebApp\.venv\Scripts\pythonw.exe app.py --no-browser
01/08/2025 14:05:29 - Comando executado com sucesso
01/08/2025 14:05:29 - Aguardando servidor inicializar...
01/08/2025 14:05:30 - Outro HomeManager está iniciando - aguardando... (12s)
01/08/2025 14:05:32 - Outro HomeManager está iniciando - aguardando... (15s)
01/08/2025 14:05:32 - Testando se servidor está respondendo...
01/08/2025 14:05:33 - Outro HomeManager está iniciando - aguardando... (15s)
01/08/2025 14:05:34 - Servidor OK - Status: 200
01/08/2025 14:05:35 - Navegador aberto com sucesso
01/08/2025 14:05:35 - === FINALIZANDO LAUNCHER ===
01/08/2025 14:05:35 - Lock de inicialização removido
01/08/2025 14:05:35 - Lock de inicialização criado
01/08/2025 14:05:35 - Verificando se porta 5000 está disponível...
01/08/2025 14:05:36 - Porta 5000 disponível - prosseguindo com inicialização
01/08/2025 14:05:36 - Porta 5000 disponível - iniciando servidor
01/08/2025 14:05:36 - Executando: C:\Users\PC\OneDrive\Documentos\ElevadoresWebApp\.venv\Scripts\pythonw.exe app.py --no-browser
01/08/2025 14:05:36 - Comando executado com sucesso
01/08/2025 14:05:36 - Aguardando servidor inicializar...
01/08/2025 14:05:36 - Outro HomeManager está iniciando - aguardando... (18s)
01/08/2025 14:05:39 - Testando se servidor está respondendo...
01/08/2025 14:05:39 - Outro HomeManager está iniciando - aguardando... (21s)
01/08/2025 14:05:41 - Servidor OK - Status: 200
01/08/2025 14:05:41 - Navegador aberto com sucesso
01/08/2025 14:05:41 - === FINALIZANDO LAUNCHER ===
01/08/2025 14:05:41 - Lock de inicialização removido
01/08/2025 14:05:43 - Lock de inicialização criado
01/08/2025 14:05:43 - Verificando se porta 5000 está disponível...
01/08/2025 14:05:43 - Porta 5000 disponível - prosseguindo com inicialização
01/08/2025 14:05:43 - Porta 5000 disponível - iniciando servidor
01/08/2025 14:05:43 - Executando: C:\Users\PC\OneDrive\Documentos\ElevadoresWebApp\.venv\Scripts\pythonw.exe app.py --no-browser
01/08/2025 14:05:43 - Comando executado com sucesso
01/08/2025 14:05:43 - Aguardando servidor inicializar...
01/08/2025 14:05:46 - Testando se servidor está respondendo...
01/08/2025 14:05:48 - Servidor OK - Status: 200
01/08/2025 14:05:49 - Navegador aberto com sucesso
01/08/2025 14:05:49 - === FINALIZANDO LAUNCHER ===
01/08/2025 14:05:49 - Lock de inicialização removido
01/08/2025 14:08:28 - === INICIANDO HOMEMANAGER ===
01/08/2025 14:08:28 - Lock de inicialização criado
01/08/2025 14:08:28 - Verificando se porta 5000 está disponível...
01/08/2025 14:08:28 - Porta 5000 disponível - prosseguindo com inicialização
01/08/2025 14:08:28 - Porta 5000 disponível - iniciando servidor
01/08/2025 14:08:28 - Executando: C:\Users\PC\OneDrive\Documentos\ElevadoresWebApp\.venv\Scripts\pythonw.exe app.py --no-browser
01/08/2025 14:08:28 - Comando executado com sucesso
01/08/2025 14:08:28 - Aguardando servidor inicializar...
01/08/2025 14:08:31 - Testando se servidor está respondendo...
01/08/2025 14:08:34 - Servidor OK - Status: 200
01/08/2025 14:08:34 - Navegador aberto com sucesso
01/08/2025 14:08:34 - === FINALIZANDO LAUNCHER ===
01/08/2025 14:08:34 - Lock de inicialização removido
01/08/2025 14:10:43 - === INICIANDO HOMEMANAGER ===
01/08/2025 14:10:43 - Lock de inicialização criado
01/08/2025 14:10:43 - Verificando se porta 5000 está disponível...
01/08/2025 14:10:44 - Porta 5000 disponível - prosseguindo com inicialização
01/08/2025 14:10:44 - Porta 5000 disponível - iniciando servidor
01/08/2025 14:10:44 - Executando: C:\Users\PC\OneDrive\Documentos\ElevadoresWebApp\.venv\Scripts\pythonw.exe app.py --no-browser
01/08/2025 14:10:44 - Comando executado com sucesso
01/08/2025 14:10:44 - Aguardando servidor inicializar...
01/08/2025 14:10:47 - Testando se servidor está respondendo...
01/08/2025 14:10:49 - Servidor OK - Status: 200
01/08/2025 14:10:49 - Navegador aberto com sucesso
01/08/2025 14:10:49 - === FINALIZANDO LAUNCHER ===
01/08/2025 14:10:49 - Lock de inicialização removido
01/08/2025 14:14:40 - === INICIANDO HOMEMANAGER ===
01/08/2025 14:14:40 - Lock de inicialização criado
01/08/2025 14:14:40 - Verificando se porta 5000 está disponível...
01/08/2025 14:14:40 - Porta 5000 disponível - prosseguindo com inicialização
01/08/2025 14:14:40 - Porta 5000 disponível - iniciando servidor
01/08/2025 14:14:40 - Executando: C:\Users\PC\OneDrive\Documentos\ElevadoresWebApp\.venv\Scripts\pythonw.exe app.py --no-browser
01/08/2025 14:14:40 - Comando executado com sucesso
01/08/2025 14:14:40 - Aguardando servidor inicializar...
01/08/2025 14:14:43 - Testando se servidor está respondendo...
01/08/2025 14:14:45 - Servidor OK - Status: 200
01/08/2025 14:14:46 - Navegador aberto com sucesso
01/08/2025 14:14:46 - === FINALIZANDO LAUNCHER ===
01/08/2025 14:14:46 - Lock de inicialização removido
01/08/2025 14:15:49 - === INICIANDO HOMEMANAGER ===
01/08/2025 14:15:49 - Lock de inicialização criado
01/08/2025 14:15:49 - Verificando se porta 5000 está disponível...
01/08/2025 14:15:49 - Porta 5000 disponível - prosseguindo com inicialização
01/08/2025 14:15:49 - Porta 5000 disponível - iniciando servidor
01/08/2025 14:15:49 - Executando: C:\Users\PC\OneDrive\Documentos\ElevadoresWebApp\.venv\Scripts\pythonw.exe app.py --no-browser
01/08/2025 14:15:49 - Comando executado com sucesso
01/08/2025 14:15:49 - Aguardando servidor inicializar...
01/08/2025 14:15:52 - Testando se servidor está respondendo...
01/08/2025 14:15:54 - Servidor OK - Status: 200
01/08/2025 14:15:55 - Navegador aberto com sucesso
01/08/2025 14:15:55 - === FINALIZANDO LAUNCHER ===
01/08/2025 14:15:55 - Lock de inicialização removido
01/08/2025 14:16:25 - === INICIANDO HOMEMANAGER ===
01/08/2025 14:16:25 - Verificando se porta 5000 está disponível...
01/08/2025 14:16:25 - Porta 5000 disponível - iniciando servidor
01/08/2025 14:16:25 - Executando: C:\Users\PC\OneDrive\Documentos\ElevadoresWebApp\.venv\Scripts\pythonw.exe app.py --no-browser
01/08/2025 14:16:26 - Comando executado com sucesso
01/08/2025 14:16:26 - Aguardando servidor inicializar...
01/08/2025 14:16:29 - Testando se servidor está respondendo...
01/08/2025 14:16:31 - Servidor OK - Status: 200
01/08/2025 14:16:31 - Navegador aberto com sucesso
01/08/2025 14:16:31 - === FINALIZANDO LAUNCHER ===
01/08/2025 14:18:54 - === INICIANDO HOMEMANAGER ===
01/08/2025 14:18:54 - Verificando se porta 5000 está disponível...
01/08/2025 14:18:54 - Porta 5000 disponível - iniciando servidor
01/08/2025 14:18:54 - Executando: C:\Users\PC\OneDrive\Documentos\ElevadoresWebApp\.venv\Scripts\pythonw.exe app.py --no-browser
01/08/2025 14:18:54 - Comando executado com sucesso
01/08/2025 14:18:54 - Aguardando servidor inicializar...
01/08/2025 14:18:57 - Testando se servidor está respondendo...
01/08/2025 14:19:00 - Servidor OK - Status: 200
01/08/2025 14:19:00 - Navegador aberto com sucesso
01/08/2025 14:19:00 - === FINALIZANDO LAUNCHER ===
01/08/2025 14:22:52 - === INICIANDO HOMEMANAGER ===
01/08/2025 14:22:52 - Verificando se porta 5000 está disponível...
01/08/2025 14:22:52 - Porta 5000 disponível - iniciando servidor
01/08/2025 14:22:52 - Executando: C:\Users\PC\OneDrive\Documentos\ElevadoresWebApp\.venv\Scripts\pythonw.exe app.py --no-browser
01/08/2025 14:22:52 - Comando executado com sucesso
01/08/2025 14:22:52 - Aguardando servidor inicializar...
01/08/2025 14:22:55 - Testando se servidor está respondendo...
01/08/2025 14:22:58 - Servidor OK - Status: 200
01/08/2025 14:22:58 - Navegador aberto com sucesso
01/08/2025 14:22:58 - === FINALIZANDO LAUNCHER ===
01/08/2025 14:36:02 - === INICIANDO HOMEMANAGER ===
01/08/2025 14:36:02 - Verificando se porta 5000 está disponível...
01/08/2025 14:36:02 - Porta 5000 disponível - iniciando servidor
01/08/2025 14:36:02 - Executando: C:\Users\PC\OneDrive\Documentos\ElevadoresWebApp\.venv\Scripts\pythonw.exe app.py --no-browser
01/08/2025 14:36:02 - Comando executado com sucesso
01/08/2025 14:36:02 - Aguardando servidor inicializar...
01/08/2025 14:36:05 - Testando se servidor está respondendo...
01/08/2025 14:36:08 - Servidor OK - Status: 200
01/08/2025 14:36:08 - Navegador aberto com sucesso
01/08/2025 14:36:08 - === FINALIZANDO LAUNCHER ===
